<?xml version="1.0" encoding="UTF-8"?>
<!-- Generated by org.testng.reporters.JUnitReportReporter -->
<testsuite hostname="Muthu-PC" name="Actions.Draggable" tests="1" failures="0" timestamp="16 Dec 2017 13:26:37 GMT" time="12.714" errors="0">
  <testcase name="drag" time="12.714" classname="Actions.Draggable"/>
</testsuite> <!-- Actions.Draggable -->
