<?xml version="1.0" encoding="UTF-8"?>
<!-- Generated by org.testng.reporters.JUnitReportReporter -->
<testsuite hostname="Muthu-PC" name="pagetests.DuplicateLead" tests="1" failures="0" timestamp="13 Dec 2017 12:18:01 GMT" time="46.823" errors="0">
  <testcase name="createLead" time="46.823" classname="pagetests.DuplicateLead"/>
</testsuite> <!-- pagetests.DuplicateLead -->
