<?xml version="1.0" encoding="UTF-8"?>
<!-- Generated by org.testng.reporters.JUnitReportReporter -->
<testsuite hostname="Muthu-PC" name="grid.Leaftaps" tests="1" failures="0" timestamp="16 Dec 2017 11:08:04 GMT" time="59.616" errors="0">
  <testcase name="login" time="59.616" classname="grid.Leaftaps"/>
</testsuite> <!-- grid.Leaftaps -->
