<?xml version="1.0" encoding="UTF-8"?>
<!-- Generated by org.testng.reporters.JUnitReportReporter -->
<testsuite hostname="Muthu-PC" name="pagetests.DeleteLead" tests="1" failures="0" timestamp="13 Dec 2017 09:38:20 GMT" time="62.735" errors="0">
  <testcase name="createLead" time="62.735" classname="pagetests.DeleteLead"/>
</testsuite> <!-- pagetests.DeleteLead -->
