<?xml version="1.0" encoding="UTF-8"?>
<!-- Generated by org.testng.reporters.JUnitReportReporter -->
<testsuite hostname="Muthu-PC" name="pagetests.EditLead" tests="2" failures="0" timestamp="13 Dec 2017 09:38:20 GMT" time="102.074" errors="0">
  <testcase name="createLead" time="50.487" classname="pagetests.EditLead"/>
  <testcase name="createLead" time="51.587" classname="pagetests.EditLead"/>
</testsuite> <!-- pagetests.EditLead -->
