<?xml version="1.0" encoding="UTF-8"?>
<!-- Generated by org.testng.reporters.JUnitReportReporter -->
<testsuite hostname="Muthu-PC" name="dp.CreateLead" tests="2" failures="0" timestamp="6 Dec 2017 03:25:45 GMT" time="71.580" errors="0">
  <testcase name="create" time="39.018" classname="dp.CreateLead"/>
  <testcase name="create" time="32.562" classname="dp.CreateLead"/>
</testsuite> <!-- dp.CreateLead -->
