<?xml version="1.0" encoding="UTF-8"?>
<!-- Generated by org.testng.reporters.JUnitReportReporter -->
<testsuite hostname="Muthu-PC" name="pagetests.CreateLead" tests="2" failures="0" timestamp="24 Dec 2017 05:14:47 GMT" time="100.798" errors="0">
  <testcase name="createLead" time="47.010" classname="pagetests.CreateLead"/>
  <testcase name="createLead" time="53.788" classname="pagetests.CreateLead"/>
</testsuite> <!-- pagetests.CreateLead -->
