<?xml version="1.0" encoding="UTF-8"?>
<!-- Generated by org.testng.reporters.JUnitReportReporter -->
<testsuite hostname="Muthu-PC" name="Actions.Flipkart" tests="1" failures="0" timestamp="16 Dec 2017 14:05:42 GMT" time="16.650" errors="0">
  <testcase name="sort" time="16.650" classname="Actions.Flipkart"/>
</testsuite> <!-- Actions.Flipkart -->
