<?xml version="1.0" encoding="UTF-8"?>
<!-- Generated by org.testng.reporters.JUnitReportReporter -->
<testsuite hostname="Muthu-PC" name="pagetests.MergeLead" tests="2" failures="0" timestamp="13 Dec 2017 09:38:20 GMT" time="122.376" errors="0">
  <testcase name="createLead" time="69.432" classname="pagetests.MergeLead"/>
  <testcase name="createLead" time="52.944" classname="pagetests.MergeLead"/>
</testsuite> <!-- pagetests.MergeLead -->
